<?xml version="1.0" encoding="UTF-8"?>
<!-- Generated by org.testng.reporters.JUnitXMLReporter -->
<testsuite ignored="0" hostname="MAVPUN05222470" failures="0" tests="13" name="Default test" time="5.343" errors="0" timestamp="2024-07-09T15:02:48 IST">
  <testcase classname="com.maveric.project.test.RestAPITest" name="test1" time="1.087"/>
  <testcase classname="com.maveric.project.test.RestAPITest" name="test10" time="0.493"/>
  <testcase classname="com.maveric.project.test.RestAPITest" name="test11" time="0.713"/>
  <testcase classname="com.maveric.project.test.RestAPITest" name="test12" time="0.413"/>
  <testcase classname="com.maveric.project.test.RestAPITest" name="test13" time="0.513"/>
  <testcase classname="com.maveric.project.test.RestAPITest" name="test2" time="0.068"/>
  <testcase classname="com.maveric.project.test.RestAPITest" name="test3" time="0.074"/>
  <testcase classname="com.maveric.project.test.RestAPITest" name="test4" time="0.053"/>
  <testcase classname="com.maveric.project.test.RestAPITest" name="test5" time="0.084"/>
  <testcase classname="com.maveric.project.test.RestAPITest" name="test6" time="0.067"/>
  <testcase classname="com.maveric.project.test.RestAPITest" name="test7" time="0.44"/>
  <testcase classname="com.maveric.project.test.RestAPITest" name="test8" time="0.413"/>
  <testcase classname="com.maveric.project.test.RestAPITest" name="test9" time="0.406"/>
</testsuite> <!-- Default test -->
