<?xml version="1.0" encoding="UTF-8"?>
<testng-results ignored="0" total="13" passed="13" failed="0" skipped="0">
  <reporter-output>
  </reporter-output>
  <suite started-at="2024-07-09T15:02:42 IST" name="Default suite" finished-at="2024-07-09T15:02:48 IST" duration-ms="5343">
    <groups>
    </groups>
    <test started-at="2024-07-09T15:02:42 IST" name="Default test" finished-at="2024-07-09T15:02:48 IST" duration-ms="5343">
      <class name="com.maveric.project.test.RestAPITest">
        <test-method is-config="true" signature="setUpEnv()[pri:0, instance:com.maveric.project.test.RestAPITest@3012646b]" started-at="2024-07-09T15:02:42 IST" name="setUpEnv" finished-at="2024-07-09T15:02:43 IST" duration-ms="461" status="PASS">
          <reporter-output>
          </reporter-output>
        </test-method> <!-- setUpEnv -->
        <test-method signature="test1()[pri:0, instance:com.maveric.project.test.RestAPITest@3012646b]" started-at="2024-07-09T15:02:43 IST" name="test1" finished-at="2024-07-09T15:02:44 IST" duration-ms="1087" status="PASS">
          <reporter-output>
          </reporter-output>
        </test-method> <!-- test1 -->
        <test-method signature="test10()[pri:0, instance:com.maveric.project.test.RestAPITest@3012646b]" started-at="2024-07-09T15:02:44 IST" name="test10" finished-at="2024-07-09T15:02:44 IST" duration-ms="493" status="PASS">
          <reporter-output>
          </reporter-output>
        </test-method> <!-- test10 -->
        <test-method signature="test11()[pri:0, instance:com.maveric.project.test.RestAPITest@3012646b]" started-at="2024-07-09T15:02:44 IST" name="test11" finished-at="2024-07-09T15:02:45 IST" duration-ms="713" status="PASS">
          <reporter-output>
          </reporter-output>
        </test-method> <!-- test11 -->
        <test-method signature="test12()[pri:0, instance:com.maveric.project.test.RestAPITest@3012646b]" started-at="2024-07-09T15:02:45 IST" name="test12" finished-at="2024-07-09T15:02:45 IST" duration-ms="413" status="PASS">
          <reporter-output>
          </reporter-output>
        </test-method> <!-- test12 -->
        <test-method signature="test13()[pri:0, instance:com.maveric.project.test.RestAPITest@3012646b]" started-at="2024-07-09T15:02:45 IST" name="test13" finished-at="2024-07-09T15:02:46 IST" duration-ms="513" status="PASS">
          <reporter-output>
          </reporter-output>
        </test-method> <!-- test13 -->
        <test-method signature="test2()[pri:0, instance:com.maveric.project.test.RestAPITest@3012646b]" started-at="2024-07-09T15:02:46 IST" name="test2" finished-at="2024-07-09T15:02:46 IST" duration-ms="68" status="PASS">
          <reporter-output>
          </reporter-output>
        </test-method> <!-- test2 -->
        <test-method signature="test3()[pri:0, instance:com.maveric.project.test.RestAPITest@3012646b]" started-at="2024-07-09T15:02:46 IST" name="test3" finished-at="2024-07-09T15:02:46 IST" duration-ms="74" status="PASS">
          <reporter-output>
          </reporter-output>
        </test-method> <!-- test3 -->
        <test-method signature="test4()[pri:0, instance:com.maveric.project.test.RestAPITest@3012646b]" started-at="2024-07-09T15:02:46 IST" name="test4" finished-at="2024-07-09T15:02:46 IST" duration-ms="53" status="PASS">
          <reporter-output>
          </reporter-output>
        </test-method> <!-- test4 -->
        <test-method signature="test5()[pri:0, instance:com.maveric.project.test.RestAPITest@3012646b]" started-at="2024-07-09T15:02:46 IST" name="test5" finished-at="2024-07-09T15:02:46 IST" duration-ms="84" status="PASS">
          <reporter-output>
          </reporter-output>
        </test-method> <!-- test5 -->
        <test-method signature="test6()[pri:0, instance:com.maveric.project.test.RestAPITest@3012646b]" started-at="2024-07-09T15:02:46 IST" name="test6" finished-at="2024-07-09T15:02:46 IST" duration-ms="67" status="PASS">
          <reporter-output>
          </reporter-output>
        </test-method> <!-- test6 -->
        <test-method signature="test7()[pri:0, instance:com.maveric.project.test.RestAPITest@3012646b]" started-at="2024-07-09T15:02:46 IST" name="test7" finished-at="2024-07-09T15:02:47 IST" duration-ms="440" status="PASS">
          <reporter-output>
          </reporter-output>
        </test-method> <!-- test7 -->
        <test-method signature="test8()[pri:0, instance:com.maveric.project.test.RestAPITest@3012646b]" started-at="2024-07-09T15:02:47 IST" name="test8" finished-at="2024-07-09T15:02:47 IST" duration-ms="413" status="PASS">
          <reporter-output>
          </reporter-output>
        </test-method> <!-- test8 -->
        <test-method signature="test9()[pri:0, instance:com.maveric.project.test.RestAPITest@3012646b]" started-at="2024-07-09T15:02:47 IST" name="test9" finished-at="2024-07-09T15:02:48 IST" duration-ms="406" status="PASS">
          <reporter-output>
          </reporter-output>
        </test-method> <!-- test9 -->
        <test-method is-config="true" signature="tearDownEnv()[pri:0, instance:com.maveric.project.test.RestAPITest@3012646b]" started-at="2024-07-09T15:02:48 IST" name="tearDownEnv" finished-at="2024-07-09T15:02:48 IST" duration-ms="1" status="PASS">
          <reporter-output>
          </reporter-output>
        </test-method> <!-- tearDownEnv -->
      </class> <!-- com.maveric.project.test.RestAPITest -->
    </test> <!-- Default test -->
  </suite> <!-- Default suite -->
</testng-results>
